tasks/build/outputs/mapping/release/seeds.txt
com.granita.tasks.Ads.AdFragment
com.granita.tasks.Ads.AdFragment: android.content.SharedPreferences sharedPref
com.granita.tasks.Ads.AdFragment: AdFragment()
com.granita.tasks.Ads.AdFragment: android.view.View onCreateView(android.view.LayoutInflater,android.view.ViewGroup,android.os.Bundle)
com.granita.tasks.BuildConfig
com.granita.tasks.BuildConfig: boolean DEBUG
com.granita.tasks.BuildConfig: java.lang.String APPLICATION_ID
com.granita.tasks.BuildConfig: java.lang.String BUILD_TYPE
com.granita.tasks.BuildConfig: java.lang.String FLAVOR
com.granita.tasks.BuildConfig: int VERSION_CODE
com.granita.tasks.BuildConfig: java.lang.String VERSION_NAME
com.granita.tasks.BuildConfig: BuildConfig()
com.granita.tasks.EditTaskActivity
com.granita.tasks.EditTaskActivity: java.lang.String ACTION_NOTE_TO_SELF
com.granita.tasks.EditTaskActivity: java.lang.String EXTRA_DATA_CONTENT_SET
com.granita.tasks.EditTaskActivity: java.lang.String EXTRA_DATA_ACCOUNT_TYPE
com.granita.tasks.EditTaskActivity: com.granita.tasks.EditTaskFragment mEditFragment
com.granita.tasks.EditTaskActivity: java.lang.String mAuthority
com.granita.tasks.EditTaskActivity: EditTaskActivity()
com.granita.tasks.EditTaskActivity: void onCreate(android.os.Bundle)
com.granita.tasks.EditTaskActivity: void onAttachFragment(android.support.v4.app.Fragment)
com.granita.tasks.EditTaskActivity: boolean onCreateOptionsMenu(android.view.Menu)
com.granita.tasks.EditTaskActivity: void onBackPressed()
com.granita.tasks.EditTaskActivity: boolean onOptionsItemSelected(android.view.MenuItem)
com.granita.tasks.EditTaskActivity: void setActivityTitle(java.lang.String)
com.granita.tasks.EditTaskFragment
com.granita.tasks.EditTaskFragment: java.lang.String TAG
com.granita.tasks.EditTaskFragment: java.lang.String PARAM_TASK_URI
com.granita.tasks.EditTaskFragment: java.lang.String PARAM_CONTENT_SET
com.granita.tasks.EditTaskFragment: java.lang.String PARAM_ACCOUNT_TYPE
com.granita.tasks.EditTaskFragment: java.lang.String LIST_LOADER_URI
com.granita.tasks.EditTaskFragment: java.lang.String LIST_LOADER_FILTER
com.granita.tasks.EditTaskFragment: java.lang.String LIST_LOADER_VISIBLE_LISTS_FILTER
com.granita.tasks.EditTaskFragment: java.lang.String PREFERENCE_LAST_LIST
com.granita.tasks.EditTaskFragment: java.lang.String PREFERENCE_LAST_ACCOUNT_TYPE
com.granita.tasks.EditTaskFragment: java.util.Set RECURRENCE_VALUES
com.granita.tasks.EditTaskFragment: java.lang.String[] TASK_LIST_PROJECTION
com.granita.tasks.EditTaskFragment: java.lang.String KEY_VALUES
com.granita.tasks.EditTaskFragment: com.granita.tasks.utils.ContentValueMapper CONTENT_VALUE_MAPPER
com.granita.tasks.EditTaskFragment: boolean mAppForEdit
com.granita.tasks.EditTaskFragment: com.granita.tasks.utils.TasksListCursorSpinnerAdapter mTaskListAdapter
com.granita.tasks.EditTaskFragment: android.net.Uri mTaskUri
com.granita.tasks.EditTaskFragment: com.granita.tasks.model.ContentSet mValues
com.granita.tasks.EditTaskFragment: android.view.ViewGroup mContent
com.granita.tasks.EditTaskFragment: android.view.ViewGroup mHeader
com.granita.tasks.EditTaskFragment$1
com.granita.tasks.EditTaskFragment$1: com.granita.tasks.EditTaskFragment this$0
com.granita.tasks.EditTaskFragment$1: EditTaskFragment$1(com.granita.tasks.EditTaskFragment)
com.granita.tasks.EditTaskFragment$1: void run()
com.granita.tasks.EditTaskFragment$2
com.granita.tasks.EditTaskFragment$2: com.granita.tasks.EditTaskFragment this$0
com.granita.tasks.EditTaskFragment$2: EditTaskFragment$2(com.granita.tasks.EditTaskFragment)
com.granita.tasks.EditTaskFragment$2: void onScroll(int,int)
...
android.support.v7.internal.widget.ViewStubCompat$OnInflateListener
android.support.v7.internal.widget.ViewStubCompat$OnInflateListener: void onInflate(android.support.v7.internal.widget.ViewStubCompat,android.view.View)
android.support.v7.internal.widget.ViewUtils
android.support.v7.internal.widget.ViewUtils: java.lang.String TAG
android.support.v7.internal.widget.ViewUtils: java.lang.reflect.Method sComputeFitSystemWindowsMethod
android.support.v7.internal.widget.ViewUtils: ViewUtils()
android.support.v7.internal.widget.ViewUtils: boolean isLayoutRtl(android.view.View)
android.support.v7.internal.widget.ViewUtils: int combineMeasuredStates(int,int)
android.support.v7.internal.widget.ViewUtils: void computeFitSystemWindows(android.view.View,android.graphics.Rect,android.graphics.Rect)
android.support.v7.internal.widget.ViewUtils: void makeOptionalFitsSystemWindows(android.view.View)
android.support.v7.internal.widget.ViewUtils: void <clinit>()
android.support.v7.view.ActionMode
android.support.v7.view.ActionMode: java.lang.Object mTag
android.support.v7.view.ActionMode: boolean mTitleOptionalHint
android.support.v7.view.ActionMode: ActionMode()
android.support.v7.view.ActionMode: void setTag(java.lang.Object)
android.support.v7.view.ActionMode: java.lang.Object getTag()
android.support.v7.view.ActionMode: void setTitle(java.lang.CharSequence)
android.support.v7.view.ActionMode: void setTitle(int)
android.support.v7.view.ActionMode: void setSubtitle(java.lang.CharSequence)
android.support.v7.view.ActionMode: void setSubtitle(int)
android.support.v7.view.ActionMode: void setTitleOptionalHint(boolean)
android.support.v7.view.ActionMode: boolean getTitleOptionalHint()
android.support.v7.view.ActionMode: boolean isTitleOptional()
android.support.v7.view.ActionMode: void setCustomView(android.view.View)
android.support.v7.view.ActionMode: void invalidate()
android.support.v7.view.ActionMode: void finish()
android.support.v7.view.ActionMode: android.view.Menu getMenu()
android.support.v7.view.ActionMode: java.lang.CharSequence getTitle()
android.support.v7.view.ActionMode: java.lang.CharSequence getSubtitle()
android.support.v7.view.ActionMode: android.view.View getCustomView()
android.support.v7.view.ActionMode: android.view.MenuInflater getMenuInflater()
android.support.v7.view.ActionMode: boolean isUiFocusable()
android.support.v7.view.ActionMode$Callback
android.support.v7.view.ActionMode$Callback: boolean onCreateActionMode(android.support.v7.view.ActionMode,android.view.Menu)
android.support.v7.view.ActionMode$Callback: boolean onPrepareActionMode(android.support.v7.view.ActionMode,android.view.Menu)
android.support.v7.view.ActionMode$Callback: boolean onActionItemClicked(android.support.v7.view.ActionMode,android.view.MenuItem)
android.support.v7.view.ActionMode$Callback: void onDestroyActionMode(android.support.v7.view.ActionMode)
android.support.v7.view.CollapsibleActionView
android.support.v7.view.CollapsibleActionView: void onActionViewExpanded()
android.support.v7.view.CollapsibleActionView: void onActionViewCollapsed()