tasks/build/outputs/mapping/release/mapping.txt
com.granita.tasks.Ads.AdFragment -> com.granita.tasks.Ads.AdFragment:
    android.content.SharedPreferences sharedPref -> sharedPref
    25:42:android.view.View onCreateView(android.view.LayoutInflater,android.view.ViewGroup,android.os.Bundle) -> onCreateView
com.granita.tasks.BuildConfig -> com.granita.tasks.BuildConfig:
    boolean DEBUG -> DEBUG
    java.lang.String APPLICATION_ID -> APPLICATION_ID
    java.lang.String BUILD_TYPE -> BUILD_TYPE
    java.lang.String FLAVOR -> FLAVOR
    int VERSION_CODE -> VERSION_CODE
    java.lang.String VERSION_NAME -> VERSION_NAME
com.granita.tasks.EditTaskActivity -> com.granita.tasks.EditTaskActivity:
    java.lang.String ACTION_NOTE_TO_SELF -> ACTION_NOTE_TO_SELF
    java.lang.String EXTRA_DATA_CONTENT_SET -> EXTRA_DATA_CONTENT_SET
    java.lang.String EXTRA_DATA_ACCOUNT_TYPE -> EXTRA_DATA_ACCOUNT_TYPE
    com.granita.tasks.EditTaskFragment mEditFragment -> mEditFragment
    java.lang.String mAuthority -> mAuthority
    62:168:void onCreate(android.os.Bundle) -> onCreate
    174:181:void onAttachFragment(android.support.v4.app.Fragment) -> onAttachFragment
    189:190:boolean onCreateOptionsMenu(android.view.Menu) -> onCreateOptionsMenu
    197:203:void onBackPressed() -> onBackPressed
    209:215:boolean onOptionsItemSelected(android.view.MenuItem) -> onOptionsItemSelected
    221:229:void setActivityTitle(java.lang.String) -> setActivityTitle
com.granita.tasks.EditTaskFragment -> com.granita.tasks.EditTaskFragment:
    java.lang.String TAG -> TAG
    java.lang.String PARAM_TASK_URI -> PARAM_TASK_URI
    java.lang.String PARAM_CONTENT_SET -> PARAM_CONTENT_SET
    java.lang.String PARAM_ACCOUNT_TYPE -> PARAM_ACCOUNT_TYPE
    java.lang.String LIST_LOADER_URI -> LIST_LOADER_URI
    java.lang.String LIST_LOADER_FILTER -> LIST_LOADER_FILTER
    java.lang.String LIST_LOADER_VISIBLE_LISTS_FILTER -> LIST_LOADER_VISIBLE_LISTS_FILTER
    java.lang.String PREFERENCE_LAST_LIST -> PREFERENCE_LAST_LIST
    java.lang.String PREFERENCE_LAST_ACCOUNT_TYPE -> PREFERENCE_LAST_ACCOUNT_TYPE
    java.util.Set RECURRENCE_VALUES -> RECURRENCE_VALUES
    java.lang.String[] TASK_LIST_PROJECTION -> TASK_LIST_PROJECTION
    java.lang.String KEY_VALUES -> KEY_VALUES
    com.granita.tasks.utils.ContentValueMapper CONTENT_VALUE_MAPPER -> CONTENT_VALUE_MAPPER
    boolean mAppForEdit -> mAppForEdit
    com.granita.tasks.utils.TasksListCursorSpinnerAdapter mTaskListAdapter -> mTaskListAdapter
    android.net.Uri mTaskUri -> mTaskUri
    com.granita.tasks.model.ContentSet mValues -> mValues
    android.view.ViewGroup mContent -> mContent
    android.view.ViewGroup mHeader -> mHeader
    com.granita.tasks.model.Model mModel -> mModel
    android.content.Context mAppContext -> mAppContext
    com.granita.tasks.widget.TaskEdit mEditor -> mEditor
    android.widget.LinearLayout mTaskListBar -> mTaskListBar
com.granita.tasks.EditTaskFragment$1 -> com.granita.tasks.EditTaskFragment$1:
    com.granita.tasks.EditTaskFragment this$0 -> this$0
    181:182:void run() -> run
com.granita.tasks.EditTaskFragment$2 -> com.granita.tasks.EditTaskFragment$2:
    com.granita.tasks.EditTaskFragment this$0 -> this$0
    247:252:void onScroll(int,int) -> onScroll
com.granita.tasks.EditTaskFragment$TASK_LIST_PROJECTION_VALUES -> com.granita.tasks.EditTaskFragment$TASK_LIST_PROJECTION_VALUES:
    int id -> id
    int list_name -> list_name
    int account_type -> account_type
    int account_name -> account_name
    int list_color -> list_color
com.granita.tasks.Manifest -> com.granita.tasks.Manifest:
com.granita.tasks.Manifest$permission -> com.granita.tasks.Manifest$permission:
    java.lang.String READ_TASKS -> READ_TASKS
    java.lang.String WRITE_TASKS -> WRITE_TASKS
...
com.granita.provider.tasks.Duration -> com.granita.provider.tasks.Duration:
    int sign -> sign
    int weeks -> weeks
    int days -> days
    int hours -> hours
    int minutes -> minutes
    int seconds -> seconds
    72:153:void parse(java.lang.String) -> parse
    161:166:void addTo(java.util.Calendar) -> addTo
    178:178:long addTo(long) -> addTo
    191:218:android.text.format.Time addTo(android.text.format.Time) -> addTo
    231:232:long getMillis() -> getMillis
    250:251:long getMillis(android.text.format.Time) -> getMillis
    265:286:void fromMillis(long) -> fromMillis
    299:344:java.lang.String toString() -> toString
com.granita.provider.tasks.FTSDatabaseHelper -> com.granita.provider.tasks.FTSDatabaseHelper:
    float SEARCH_RESULTS_MIN_SCORE -> SEARCH_RESULTS_MIN_SCORE
    com.granita.ngrams.NGramGenerator TRIGRAM_GENERATOR -> TRIGRAM_GENERATOR
    com.granita.ngrams.NGramGenerator TETRAGRAM_GENERATOR -> TETRAGRAM_GENERATOR
    java.lang.String FTS_CONTENT_TABLE -> FTS_CONTENT_TABLE
    java.lang.String FTS_NGRAM_TABLE -> FTS_NGRAM_TABLE
    java.lang.String FTS_TASK_VIEW -> FTS_TASK_VIEW
    java.lang.String FTS_TASK_PROPERTY_VIEW -> FTS_TASK_PROPERTY_VIEW
    java.lang.String SQL_CREATE_SEARCH_CONTENT_TABLE -> SQL_CREATE_SEARCH_CONTENT_TABLE
    java.lang.String SQL_CREATE_NGRAM_TABLE -> SQL_CREATE_NGRAM_TABLE
    java.lang.String SQL_RAW_QUERY_SEARCH_TASK -> SQL_RAW_QUERY_SEARCH_TASK
    java.lang.String SQL_RAW_QUERY_SEARCH_TASK_DEFAULT_PROJECTION -> SQL_RAW_QUERY_SEARCH_TASK_DEFAULT_PROJECTION
    java.lang.String SQL_CREATE_SEARCH_TASK_DELETE_TRIGGER -> SQL_CREATE_SEARCH_TASK_DELETE_TRIGGER
    java.lang.String SQL_CREATE_SEARCH_TASK_DELETE_PROPERTY_TRIGGER -> SQL_CREATE_SEARCH_TASK_DELETE_PROPERTY_TRIGGER
    173:174:void onCreate(android.database.sqlite.SQLiteDatabase) -> onCreate
    179:184:void onUpgrade(android.database.sqlite.SQLiteDatabase,int,int) -> onUpgrade
    195:206:void initializeFTS(android.database.sqlite.SQLiteDatabase) -> initializeFTS
    217:224:void initializeFTSContent(android.database.sqlite.SQLiteDatabase) -> initializeFTSContent
com.granita.provider.tasks.FTSDatabaseHelper$FTSContentColumns -> com.granita.provider.tasks.FTSDatabaseHelper$FTSContentColumns:
    java.lang.String TASK_ID -> TASK_ID
    java.lang.String PROPERTY_ID -> PROPERTY_ID
    java.lang.String TYPE -> TYPE
    java.lang.String NGRAM_ID -> NGRAM_ID
com.granita.provider.tasks.FTSDatabaseHelper$NGramColumns -> com.granita.provider.tasks.FTSDatabaseHelper$NGramColumns:
    java.lang.String NGRAM_ID -> NGRAM_ID
    java.lang.String TEXT -> TEXT
com.granita.provider.tasks.FTSDatabaseHelper$SearchableTypes -> com.granita.provider.tasks.FTSDatabaseHelper$SearchableTypes:
    int TITLE -> TITLE
    int DESCRIPTION -> DESCRIPTION
    int LOCATION -> LOCATION
    int PROPERTY -> PROPERTY
com.granita.provider.tasks.R -> com.granita.provider.tasks.R:
com.granita.provider.tasks.R$bool -> com.granita.provider.tasks.R$bool:
    int org_dmfs_allow_local_lists -> org_dmfs_allow_local_lists
com.granita.provider.tasks.R$drawable -> com.granita.provider.tasks.R$drawable:
    int ic_action_search -> ic_action_search
    int ic_launcher -> ic_launcher
com.granita.provider.tasks.R$string -> com.granita.provider.tasks.R$string:
    int org_dmfs_tasks_authority -> org_dmfs_tasks_authority