tasks/build/outputs/mapping/release/usage.txt
com.google.android.apps.dashclock.api.internal.IExtension$Stub$Proxy
com.google.android.apps.dashclock.api.internal.IExtensionHost$Stub:
    private static final java.lang.String DESCRIPTOR
    static final int TRANSACTION_publishUpdate
    static final int TRANSACTION_addWatchContentUris
    static final int TRANSACTION_setUpdateWhenScreenOn
    static final int TRANSACTION_removeAllWatchContentUris
    14:16:public IExtensionHost$Stub()
    34:34:public android.os.IBinder asBinder()
com.google.android.apps.dashclock.api.internal.IExtensionHost$Stub$Proxy:
    96:96:public java.lang.String getInterfaceDescriptor()
com.google.android.gms.R:
    9:187:public R()
com.google.android.gms.R$attr
com.google.android.gms.R$color
com.google.android.gms.R$drawable
com.google.android.gms.R$id
com.google.android.gms.R$integer
com.google.android.gms.R$raw
com.google.android.gms.R$string:
    public static final int common_android_wear_notification_needs_update_text
    public static final int common_android_wear_update_text
    public static final int common_android_wear_update_title
    public static final int common_google_play_services_enable_button
    public static final int common_google_play_services_enable_text
    public static final int common_google_play_services_enable_title
    public static final int common_google_play_services_error_notification_requested_by_msg
    public static final int common_google_play_services_install_button
    public static final int common_google_play_services_install_text_phone
    public static final int common_google_play_services_install_text_tablet
    public static final int common_google_play_services_install_title
    public static final int common_google_play_services_invalid_account_text
    public static final int common_google_play_services_invalid_account_title
    public static final int common_google_play_services_needs_enabling_title
    public static final int common_google_play_services_network_error_text
    public static final int common_google_play_services_network_error_title
    public static final int common_google_play_services_notification_needs_installation_title
    public static final int common_google_play_services_notification_needs_update_title
    public static final int common_google_play_services_notification_ticker
com.google.android.gms.R$style
com.google.android.gms.R$styleable:
    public static final int LoadingImageView_circleCrop
    public static final int LoadingImageView_imageAspectRatio
    public static final int LoadingImageView_imageAspectRatioAdjust
    public static final int MapAttrs_cameraBearing
    public static final int MapAttrs_cameraTargetLat
    public static final int MapAttrs_cameraTargetLng
    public static final int MapAttrs_cameraTilt
    public static final int MapAttrs_cameraZoom
    public static final int MapAttrs_liteMode
    public static final int MapAttrs_mapType
    public static final int MapAttrs_uiCompass
    public static final int MapAttrs_uiMapToolbar
    public static final int MapAttrs_uiRotateGestures
    public static final int MapAttrs_uiScrollGestures
    public static final int MapAttrs_uiTiltGestures
    public static final int MapAttrs_uiZoomControls
    public static final int MapAttrs_uiZoomGestures
    public static final int MapAttrs_useViewLifecycle
    public static final int MapAttrs_zOrderOnTop
    public static final int WalletFragmentOptions_appTheme
    public static final int WalletFragmentOptions_environment
    public static final int WalletFragmentOptions_fragmentMode
    public static final int WalletFragmentOptions_fragmentStyle
    public static final int WalletFragmentStyle_buyButtonAppearance
    public static final int WalletFragmentStyle_buyButtonHeight
    public static final int WalletFragmentStyle_buyButtonText
com.google.android.gms.actions.ReserveIntents
com.google.android.gms.actions.SearchIntents